2014-03-06 11:21:17|   0.0|  0.0|INFORM|FME 2013 SP1 (20130319 - Build 13448 - WIN32)
2014-03-06 11:21:17|   0.1|  0.0|INFORM|FME_HOME is 'C:\apps\FME\'
2014-03-06 11:21:17|   0.1|  0.0|INFORM|FME Desktop Professional Edition (floating)
2014-03-06 11:21:17|   0.1|  0.0|INFORM|Permanent License.
2014-03-06 11:21:17|   0.1|  0.0|INFORM|Machine host name is: WSSGRF030
2014-03-06 11:21:17|   0.1|  0.0|INFORM|START - ProcessID: 6976, peak process memory usage: 34088 kB, current process memory usage: 34088 kB
2014-03-06 11:21:17|   0.1|  0.0|INFORM|FME Configuration: Command line arguments are `C:\apps\FME\fme.exe' `C:/Projets/LiDARViewer/fme\wb-xlate-1394101276970_1492' `LOG_STANDARDOUT' `YES' `LogCount' `C:\Users\Monodo\AppData\Local\Temp\wb-xlate-counts-1394101276971_1492'
2014-03-06 11:21:17|   0.1|  0.0|INFORM|Shared directories for formats are : C:\Users\Monodo\Documents\FME\Formats;C:\apps\FME\datasources
2014-03-06 11:21:17|   0.1|  0.0|INFORM|Shared directories for transformers are : C:\Users\Monodo\Documents\FME\Transformers;C:\apps\FME\transformers;C:\Users\Monodo\AppData\Roaming\Safe Software\FME\FME Store\Transformers
2014-03-06 11:21:17|   0.1|  0.0|INFORM|Shared directories for coordinate systems are : C:\Users\Monodo\Documents\FME\CoordinateSystems
2014-03-06 11:21:17|   0.1|  0.0|INFORM|Shared directories for coordinate system exceptions are : C:\Users\Monodo\Documents\FME\CoordinateSystemExceptions
2014-03-06 11:21:17|   0.1|  0.0|INFORM|Shared directories for coordinate system grid overrides are : C:\Users\Monodo\Documents\FME\CoordinateSystemGridOverrides
2014-03-06 11:21:17|   0.1|  0.0|INFORM|Shared directories for CS-MAP transformation exceptions are : C:\Users\Monodo\Documents\FME\CsmapTransformationExceptions
2014-03-06 11:21:17|   0.1|  0.0|INFORM|Shared directories for transformer categories are : C:\Users\Monodo\Documents\FME\TransformerCategories
2014-03-06 11:21:17|   0.1|  0.0|INFORM|FME Configuration: Reader Keyword is `MULTI_READER'
2014-03-06 11:21:17|   0.1|  0.0|INFORM|FME Configuration: Writer Keyword is `MULTI_WRITER'
2014-03-06 11:21:17|   0.1|  0.0|INFORM|FME Configuration: Writer Group Definition Keyword is `MULTI_WRITER_DEF'
2014-03-06 11:21:17|   0.1|  0.0|INFORM|FME Configuration: Reader type is `MULTI_READER'
2014-03-06 11:21:17|   0.1|  0.0|INFORM|FME Configuration: Writer type is `MULTI_WRITER'
2014-03-06 11:21:17|   0.1|  0.0|INFORM|FME Configuration: No destination coordinate system set
2014-03-06 11:21:17|   0.1|  0.0|INFORM|FME Configuration: Current working directory is `C:\Projets\LiDARViewer\fme'
2014-03-06 11:21:17|   0.1|  0.0|INFORM|FME Configuration: Temporary directory is `C:\Users\Monodo\AppData\Local\Temp'
2014-03-06 11:21:17|   0.1|  0.0|INFORM|FME Configuration: FME_HOME is `C:\apps\FME\'
2014-03-06 11:21:17|   0.1|  0.0|INFORM|FME Configuration: FME_BASE is 'no'
2014-03-06 11:21:17|   0.1|  0.0|INFORM|FME Configuration: FME_MF_DIR is 'C:\Projets\LiDARViewer\fme/'
2014-03-06 11:21:17|   0.1|  0.0|INFORM|FME Configuration: FME_MF_NAME is 'las_shape2las.fmw'
2014-03-06 11:21:17|   0.1|  0.0|INFORM|FME Configuration: FME_PRODUCT_NAME is '2013 SP1'
2014-03-06 11:21:17|   0.1|  0.0|INFORM|System Status: 107032MB of disk space available in the FME temporary directory (C:\Users\Monodo\AppData\Local\Temp\)
2014-03-06 11:21:17|   0.1|  0.0|INFORM|System Status: 3909MB of virtual memory available
2014-03-06 11:21:17|   0.1|  0.0|INFORM|Operating System: Microsoft Windows 7 64-bit Service Pack 1 (Build 7601)
2014-03-06 11:21:17|   0.1|  0.0|INFORM|FME Platform: WIN32
2014-03-06 11:21:17|   0.1|  0.0|INFORM|Locale: fr_CH
2014-03-06 11:21:17|   0.1|  0.0|INFORM|Code Page: 1252  (ANSI - latin I)
2014-03-06 11:21:17|   0.1|  0.0|INFORM|FME Configuration: Process limit is 4095 MB (out of 8142 MB physical memory and 4095 MB address space)
2014-03-06 11:21:17|   0.1|  0.0|INFORM|FME Configuration: Start freeing memory when process usage exceeds 2895 MB of memory or 3495 MB of address space
2014-03-06 11:21:17|   0.1|  0.0|INFORM|FME Configuration: Stop freeing memory when process usage is below 2171 MB of memory and 2621 MB of address space
2014-03-06 11:21:17|   0.1|  0.0|INFORM|FME Configuration: Autodetermining optimal maximum number of objects in memory
2014-03-06 11:21:17|   0.1|  0.0|INFORM|MULTI_READER(MULTI_READER): Will fail with first member reader failure
2014-03-06 11:21:17|   0.1|  0.0|INFORM|MULTI_READER(MULTI_READER): Adding LAS Reader with keyword LAS_1
2014-03-06 11:21:17|   0.1|  0.0|INFORM|MULTI_READER(MULTI_READER): Adding SHAPE Reader with keyword SHAPE_1
2014-03-06 11:21:17|   0.1|  0.0|INFORM|Using Multi Reader $Revision: 93943 $ ( $Date: 2012-10-30 14:39:34 -0700 (Tue, 30 Oct 2012) $ ) with keyword `MULTI_READER' to read multiple datasets
2014-03-06 11:21:17|   0.1|  0.0|INFORM|Trying to find a DYNAMIC plugin for reader named `LAS'
2014-03-06 11:21:17|   0.1|  0.0|INFORM|Loaded module 'LAS' from file 'C:\apps\FME\LIDAR_FME.dll'
2014-03-06 11:21:17|   0.1|  0.0|INFORM|FME API version of module 'LAS' matches current internal version (3.7 20121025)
2014-03-06 11:21:17|   0.1|  0.0|INFORM|Using MultiWriter $Revision: 59162 $ ( $Date: 2009-04-07 10:04:59 -0700 (Tue, 07 Apr 2009) $ ) with keyword `MULTI_WRITER' to output data (ID_ATTRIBUTE is `multi_writer_id')
2014-03-06 11:21:17|   0.1|  0.0|INFORM|Writer output will be ordered by value of multi_writer_id
2014-03-06 11:21:17|   0.1|  0.0|INFORM|Loaded module 'LogCount_func' from file 'C:\apps\FME\plugins/LogCount_func.dll'
2014-03-06 11:21:17|   0.1|  0.0|INFORM|FME API version of module 'LogCount_func' matches current internal version (3.7 20121025)
2014-03-06 11:21:17|   0.1|  0.0|INFORM|Loaded module 'RasterClippingFactory' from file 'C:\apps\FME\plugins/RasterClippingFactory.dll'
2014-03-06 11:21:17|   0.1|  0.0|INFORM|FME API version of module 'RasterClippingFactory' matches current internal version (3.7 20121025)
2014-03-06 11:21:17|   0.1|  0.0|INFORM|Loaded module 'SolidIntersectionFactory' from file 'C:\apps\FME\plugins/SolidIntersectionFactory.dll'
2014-03-06 11:21:17|   0.1|  0.0|INFORM|FME API version of module 'SolidIntersectionFactory' matches current internal version (3.7 20121025)
2014-03-06 11:21:17|   0.1|  0.0|INFORM|Loaded module 'PointCloudInterpretation_func' from file 'C:\apps\FME\plugins/PointCloudInterpretation_func.dll'
2014-03-06 11:21:17|   0.1|  0.0|INFORM|FME API version of module 'PointCloudInterpretation_func' matches current internal version (3.7 20121025)
2014-03-06 11:21:17|   0.2|  0.0|WARN  |Clipper_Vector(ClippingFactory): MERGE_CLIPPER_ATTRIBUTES is not specified; CLIPPER_ATTR_PREFIX will be ignored
2014-03-06 11:21:17|   0.2|  0.0|INFORM|Using Shape Reader $Revision: 102018 $ ( $Date: 2013-02-28 14:10:18 -0800 (Thu, 28 Feb 2013) $ ) to read shape files from directory `C:\Projets\LiDARViewer\data/'
2014-03-06 11:21:17|   0.2|  0.0|INFORM|SHAPE_1 Reader: Using enhanced geometry
2014-03-06 11:21:17|   0.2|  0.0|INFORM|Shape Reader: Allowing attribute names with mixed case
2014-03-06 11:21:17|   0.2|  0.0|INFORM|Opened Shape File C:\Projets\LiDARViewer\data\clip_neuch.shp for input
2014-03-06 11:21:17|   0.2|  0.0|INFORM|Opened DBF File 'C:\Projets\LiDARViewer\data\clip_neuch.dbf' for input
2014-03-06 11:21:17|   0.2|  0.0|INFORM|DBF File 'C:\Projets\LiDARViewer\data\clip_neuch.dbf' has fields: id number(10,0)
2014-03-06 11:21:17|   0.4|  0.2|INFORM|The OGC definition of the FME coordinate system '_FME_0' is 'PROJCS["CH1903_LV03",GEOGCS["GCS_CH1903",DATUM["D_CH1903",SPHEROID["Bessel_1841",6377397.155,299.1528128]],PRIMEM["Greenwich",0],UNIT["Degree",0.017453292519943295]],PROJECTION["Hotine_Oblique_Mercator_Azimuth_Center"],PARAMETER["latitude_of_center",46.95240555555556],PARAMETER["longitude_of_center",7.439583333333333],PARAMETER["azimuth",90],PARAMETER["scale_factor",1],PARAMETER["false_easting",600000],PARAMETER["false_northing",200000],UNIT["Meter",1]]'
2014-03-06 11:21:17|   0.4|  0.0|INFORM|FME Configuration: Source coordinate system for reader SHAPE_1[SHAPE] set to `_FME_0' as read from input data
2014-03-06 11:21:17|   0.4|  0.0|INFORM|Coordinate System `_FME_0' parameters: CS_NAME=`_FME_0' DESC_NM=`CH1903_LV03' DT_NAME=`CH1903/GSB' ESRI_WKT=`PROJCS["CH1903_LV03",GEOGCS["GCS_CH1903",DATUM["D_CH1903",SPHEROID["Bessel_1841",6377397.155,299.1528128]],PRIMEM["Greenwich",0],UNIT["Degree",0.017453292519943295]],PROJECTION["Hotine_Oblique_Mercator_Azimuth_Center"],PARAMETER["latitude_of_center",46.95240555555556],PARAMETER["longitude_of_center",7.439583333333333],PARAMETER["azimuth",90],PARAMETER["scale_factor",1],PARAMETER["false_easting",600000],PARAMETER["false_northing",200000],UNIT["Meter",1]]' PARM1=`7.439583333333333' PARM2=`46.95240555555556' PARM3=`90' PROJ=`HOM1XY' SCL_RED=`1.0000000000' UNIT=`METER' X_OFF=`600000' Y_OFF=`200000' 
2014-03-06 11:21:17|   0.4|  0.0|INFORM|Shape Reader: Bounding box of shapefile `C:\Projets\LiDARViewer\data\CLIP_NEUCH' is: (562000.588499391,204745.112828808),(562306.201183082,205069.280568295)
2014-03-06 11:21:17|   0.4|  0.0|INFORM|Shape Reader: Bounding box of shapefile(s) selected from directory `C:\Projets\LiDARViewer\data/' is: (562000.588499391,204745.112828808),(562306.201183082,205069.280568295)
2014-03-06 11:21:17|   0.4|  0.0|INFORM|MULTI_READER(MULTI_READER): Done reading 2 features from 2 readers
2014-03-06 11:21:17|   0.4|  0.0|INFORM|Emptying factory pipeline
2014-03-06 11:21:17|   0.4|  0.0|STATS |Unexpected Input Remover(TestFactory): Tested 2 input feature(s) -- 2 feature(s) passed and 0 feature(s) failed
2014-03-06 11:21:17|   0.4|  0.0|STATS |Unexpected Input Remover Nuker(TeeFactory): Cloned 0 input feature(s) into 0 output feature(s)
2014-03-06 11:21:17|   0.4|  0.0|STATS |Source -> Generic(TeeFactory): Cloned 2 input feature(s) into 2 output feature(s)
2014-03-06 11:21:17|   0.4|  0.0|STATS |clip_neuch Feature Counter -1 4(TeeFactory): Cloned 1 input feature(s) into 1 output feature(s)
2014-03-06 11:21:17|   0.4|  0.0|STATS |LAS Feature Counter -1 5(TeeFactory): Cloned 1 input feature(s) into 1 output feature(s)
2014-03-06 11:21:17|   0.4|  0.0|STATS |Clipper_ClipperCloner(TeeFactory): Cloned 1 input feature(s) into 2 output feature(s)
2014-03-06 11:21:17|   0.4|  0.0|STATS |Clipper_SolidClipperFilter(TestFactory): Tested 1 input feature(s) -- 0 feature(s) passed and 1 feature(s) failed
2014-03-06 11:21:17|   0.4|  0.0|STATS |Clipper_ClippeeFilter(TestFactory): Tested 1 input feature(s) -- 0 feature(s) passed and 1 feature(s) failed
2014-03-06 11:21:22|   4.7|  4.2|INFORM|Point Cloud Clipping: Clipped 20620000 of 22656324 points
2014-03-06 11:21:22|   5.0|  0.4|INFORM|Point Cloud Clipping: Finished clipping point cloud against 1 / 1 clippers
2014-03-06 11:21:22|   5.3|  0.3|INFORM|Trying to find a DYNAMIC plugin for writer named `LAS'
2014-03-06 11:21:22|   5.3|  0.0|INFORM|FME API version of module 'LAS' matches current internal version (3.7 20121025)
2014-03-06 11:21:22|   5.3|  0.0|INFORM|FME Configuration: No destination coordinate system set
2014-03-06 11:21:22|   5.3|  0.0|INFORM|FME API version of module 'LAS' matches current internal version (3.7 20121025)
2014-03-06 11:21:22|   5.3|  0.0|INFORM|Writer `LAS_2' of type `LAS' using group definition keyword `LAS_2_DEF'
2014-03-06 11:21:22|   5.3|  0.0|INFORM|FME API version of module 'LAS' matches current internal version (3.7 20121025)
2014-03-06 11:21:22|   5.3|  0.0|INFORM|LAS writer: Directive '_VERSION' has the value '1.2'
2014-03-06 11:21:22|   5.3|  0.0|INFORM|LAS writer: Directive '_COMPRESSION' has the value 'No'
2014-03-06 11:21:22|   5.3|  0.0|INFORM|LAS writer: Directive '_RESCALE_COORDINATES' has the value 'Yes'
2014-03-06 11:21:22|   5.3|  0.0|INFORM|LAS writer: Writing point cloud with 647730 point(s) to file 'C:\Projets\LiDARViewer\data\1164212.las'
2014-03-06 11:21:23|   5.7|  0.4|STATS |Clipper_Vector(ClippingFactory): Processed 1 input feature(s), of which 0 feature(s) were clipped, 0 feature(s) were totally inside and 0 feature(s) were totally outside
2014-03-06 11:21:23|   5.7|  0.0|STATS |Clipper_Nuker(TeeFactory): Cloned 0 input feature(s) into 0 output feature(s)
2014-03-06 11:21:23|   5.7|  0.0|STATS |Clipper_INSIDE Feature Counter -1 9(TeeFactory): Cloned 1 input feature(s) into 1 output feature(s)
2014-03-06 11:21:23|   5.7|  0.0|STATS |PointCloudColorScaler(TeeFactory): Cloned 1 input feature(s) into 1 output feature(s)
2014-03-06 11:21:23|   5.7|  0.0|STATS |PointCloudColorScaler_OUTPUT Feature Counter -1 10(TeeFactory): Cloned 1 input feature(s) into 1 output feature(s)
2014-03-06 11:21:23|   5.7|  0.0|STATS |PointCloudColorScaler_OUTPUT -> NewFeatureType Correlator(TeeFactory): Cloned 1 input feature(s) into 1 output feature(s)
2014-03-06 11:21:23|   5.7|  0.0|STATS |Final Output Feature Type Router(TestFactory): Tested 1 input feature(s) -- 1 feature(s) passed and 0 feature(s) failed
2014-03-06 11:21:23|   5.7|  0.0|STATS |Final Output Nuker(TeeFactory): Cloned 0 input feature(s) into 0 output feature(s)
2014-03-06 11:21:23|   5.7|  0.0|INFORM|=-=-=-=-=-=-=-=-=-=-=-=-=-=-=-=-=-=-=-=-=-=-=-=-=-=-=-=-=-=-=-=-=-=-=-=-=-=-=-
2014-03-06 11:21:23|   5.7|  0.0|INFORM|Feature output statistics for `LAS' writer using keyword `LAS_2':
2014-03-06 11:21:23|   5.7|  0.0|STATS |=-=-=-=-=-=-=-=-=-=-=-=-=-=-=-=-=-=-=-=-=-=-=-=-=-=-=-=-=-=-=-=-=-=-=-=-=-=-=-
2014-03-06 11:21:23|   5.7|  0.0|STATS |                               Features Written
2014-03-06 11:21:23|   5.7|  0.0|STATS |=-=-=-=-=-=-=-=-=-=-=-=-=-=-=-=-=-=-=-=-=-=-=-=-=-=-=-=-=-=-=-=-=-=-=-=-=-=-=-
2014-03-06 11:21:23|   5.7|  0.0|STATS |1164212                                                                      1
2014-03-06 11:21:23|   5.7|  0.0|STATS |==============================================================================
2014-03-06 11:21:23|   5.7|  0.0|STATS |Total Features Written                                                       1
2014-03-06 11:21:23|   5.7|  0.0|STATS |=-=-=-=-=-=-=-=-=-=-=-=-=-=-=-=-=-=-=-=-=-=-=-=-=-=-=-=-=-=-=-=-=-=-=-=-=-=-=-
2014-03-06 11:21:23|   5.7|  0.0|STATS |=-=-=-=-=-=-=-=-=-=-=-=-=-=-=-=-=-=-=-=-=-=-=-=-=-=-=-=-=-=-=-=-=-=-=-=-=-=-=-
2014-03-06 11:21:23|   5.7|  0.0|STATS |                            Features Read Summary
2014-03-06 11:21:23|   5.7|  0.0|STATS |=-=-=-=-=-=-=-=-=-=-=-=-=-=-=-=-=-=-=-=-=-=-=-=-=-=-=-=-=-=-=-=-=-=-=-=-=-=-=-
2014-03-06 11:21:23|   5.7|  0.0|STATS |LAS                                                                          1
2014-03-06 11:21:23|   5.7|  0.0|STATS |clip_neuch                                                                   1
2014-03-06 11:21:23|   5.7|  0.0|STATS |==============================================================================
2014-03-06 11:21:23|   5.7|  0.0|STATS |Total Features Read                                                          2
2014-03-06 11:21:23|   5.7|  0.0|STATS |=-=-=-=-=-=-=-=-=-=-=-=-=-=-=-=-=-=-=-=-=-=-=-=-=-=-=-=-=-=-=-=-=-=-=-=-=-=-=-
2014-03-06 11:21:23|   5.7|  0.0|STATS |=-=-=-=-=-=-=-=-=-=-=-=-=-=-=-=-=-=-=-=-=-=-=-=-=-=-=-=-=-=-=-=-=-=-=-=-=-=-=-
2014-03-06 11:21:23|   5.7|  0.0|STATS |                           Features Written Summary
2014-03-06 11:21:23|   5.7|  0.0|STATS |=-=-=-=-=-=-=-=-=-=-=-=-=-=-=-=-=-=-=-=-=-=-=-=-=-=-=-=-=-=-=-=-=-=-=-=-=-=-=-
2014-03-06 11:21:23|   5.7|  0.0|STATS |1164212                                                                      1
2014-03-06 11:21:23|   5.7|  0.0|STATS |==============================================================================
2014-03-06 11:21:23|   5.7|  0.0|STATS |Total Features Written                                                       1
2014-03-06 11:21:23|   5.7|  0.0|STATS |=-=-=-=-=-=-=-=-=-=-=-=-=-=-=-=-=-=-=-=-=-=-=-=-=-=-=-=-=-=-=-=-=-=-=-=-=-=-=-
2014-03-06 11:21:23|   5.7|  0.0|INFORM|Translation was SUCCESSFUL with 1 warning(s) (1 feature(s) output)
2014-03-06 11:21:23|   5.7|  0.0|INFORM|FME Session Duration: 5.7 seconds. (CPU: 5.0s user, 0.7s system)
2014-03-06 11:21:23|   5.7|  0.0|INFORM|END - ProcessID: 6976, peak process memory usage: 76268 kB, current process memory usage: 74412 kB
